<?xml version="1.0" encoding="UTF-8"?>
<!-- Generated by org.testng.reporters.JUnitXMLReporter -->
<testsuite hostname="EXIMR-IM-620" name="Test2" tests="7" failures="0" timestamp="20 Jul 2018 08:39:21 GMT" time="61.363" errors="0">
  <testcase name="adminAccessibleTest" time="8.827" classname="com.apple.iEvalHomePage.Verify_PanelAccessibleTest"/>
  <testcase name="iEvalUserAccessibleTest" time="6.721" classname="com.apple.iEvalHomePage.Verify_PanelAccessibleTest"/>
  <testcase name="iEvalSAPArchivingTeamAccessibleTest" time="7.026" classname="com.apple.iEvalHomePage.Verify_PanelAccessibleTest"/>
  <testcase name="iEvalSAPGlobalDesignAdminAccessibleTest" time="6.783" classname="com.apple.iEvalHomePage.Verify_PanelAccessibleTest"/>
  <testcase name="iEvalSAPHandoverTeamAdminAccessibleTest" time="6.729" classname="com.apple.iEvalHomePage.Verify_PanelAccessibleTest"/>
  <testcase name="iEvalSAPPerformanceAdminAccessibleTest" time="7.356" classname="com.apple.iEvalHomePage.Verify_PanelAccessibleTest"/>
  <testcase name="iEvalSAPSecurityTeamAdminAccessibleTest" time="7.987" classname="com.apple.iEvalHomePage.Verify_PanelAccessibleTest"/>
</testsuite> <!-- Test2 -->
